#
# There is insufficient memory for the Java Runtime Environment to continue.
# Native memory allocation (malloc) failed to allocate 334592 bytes for Chunk::new
# Possible reasons:
#   The system is out of physical RAM or swap space
#   The process is running with CompressedOops enabled, and the Java Heap may be blocking the growth of the native heap
# Possible solutions:
#   Reduce memory load on the system
#   Increase physical memory or swap space
#   Check if swap backing store is full
#   Decrease Java heap size (-Xmx/-Xms)
#   Decrease number of Java threads
#   Decrease Java thread stack sizes (-Xss)
#   Set larger code cache with -XX:ReservedCodeCacheSize=
#   JVM is running with Unscaled Compressed Oops mode in which the Java heap is
#     placed in the first 4GB address space. The Java Heap base address is the
#     maximum limit for the native heap growth. Please use -XX:HeapBaseMinAddress
#     to set the Java Heap base and to place the Java Heap above 4GB virtual address.
# This output file may be truncated or incomplete.
#
#  Out of Memory Error (arena.cpp:184), pid=19652, tid=21020
#
# JRE version: Java(TM) SE Runtime Environment (18.0.2.1+1) (build 18.0.2.1+1-1)
# Java VM: Java HotSpot(TM) 64-Bit Server VM (18.0.2.1+1-1, mixed mode, sharing, tiered, compressed oops, compressed class ptrs, g1 gc, windows-amd64)
# No core dump will be written. Minidumps are not enabled by default on client versions of Windows
#

---------------  S U M M A R Y ------------

Command Line: org.jetbrains.kotlin.cli.jvm.K2JVMCompiler @D:\DATN\Coffee_Love\node_modules\react-native-gesture-handler\android\build\20231025_16105550059940633677.compiler.options

Host: AMD Ryzen 5 5600H with Radeon Graphics         , 12 cores, 5G,  Windows 11 , 64 bit Build 22621 (10.0.22621.2428)
Time: Wed Oct 25 02:07:03 2023 SE Asia Standard Time elapsed time: 3.533652 seconds (0d 0h 0m 3s)

---------------  T H R E A D  ---------------

Current thread (0x000001e67c4ed6b0):  JavaThread "C2 CompilerThread0" daemon [_thread_in_native, id=21020, stack(0x000000ba88b00000,0x000000ba88c00000)]


Current CompileTask:
C2:   3534 1709       4       jdk.internal.org.objectweb.asm.SymbolTable::addConstantUtf8 (98 bytes)

Stack: [0x000000ba88b00000,0x000000ba88c00000]
Native frames: (J=compiled Java code, j=interpreted, Vv=VM code, C=native code)
V  [jvm.dll+0x6993aa]
V  [jvm.dll+0x7f46dd]
V  [jvm.dll+0x7f5fee]
V  [jvm.dll+0x7f66a3]
V  [jvm.dll+0x25cf1f]
V  [jvm.dll+0xb8c2f]
V  [jvm.dll+0xb8fa5]
V  [jvm.dll+0x3860cb]
V  [jvm.dll+0x34fe71]
V  [jvm.dll+0x34f30a]
V  [jvm.dll+0x230101]
V  [jvm.dll+0x22f4d1]
V  [jvm.dll+0x1ba01c]
V  [jvm.dll+0x23ee0a]
V  [jvm.dll+0x23d0f5]
V  [jvm.dll+0x7a6dd1]
V  [jvm.dll+0x7a120a]
V  [jvm.dll+0x698255]
C  [ucrtbase.dll+0x29363]
C  [KERNEL32.DLL+0x1257d]
C  [ntdll.dll+0x5aa78]


---------------  P R O C E S S  ---------------

Threads class SMR info:
_java_thread_list=0x000001e67c71a0f0, length=12, elements={
0x000001e66e2b9cc0, 0x000001e67c4cfa90, 0x000001e67c4d0600, 0x000001e67c4eb0c0,
0x000001e67c4eb970, 0x000001e67c4ec220, 0x000001e67c4ecad0, 0x000001e67c4ed6b0,
0x000001e67c4effb0, 0x000001e67c4f28b0, 0x000001e67c73f9b0, 0x000001e67c743510
}

Java Threads: ( => current thread )
  0x000001e66e2b9cc0 JavaThread "main" [_thread_in_native, id=21268, stack(0x000000ba87e00000,0x000000ba87f00000)]
  0x000001e67c4cfa90 JavaThread "Reference Handler" daemon [_thread_blocked, id=1660, stack(0x000000ba88500000,0x000000ba88600000)]
  0x000001e67c4d0600 JavaThread "Finalizer" daemon [_thread_blocked, id=21372, stack(0x000000ba88600000,0x000000ba88700000)]
  0x000001e67c4eb0c0 JavaThread "Signal Dispatcher" daemon [_thread_blocked, id=8432, stack(0x000000ba88700000,0x000000ba88800000)]
  0x000001e67c4eb970 JavaThread "Attach Listener" daemon [_thread_blocked, id=19152, stack(0x000000ba88800000,0x000000ba88900000)]
  0x000001e67c4ec220 JavaThread "Service Thread" daemon [_thread_blocked, id=2560, stack(0x000000ba88900000,0x000000ba88a00000)]
  0x000001e67c4ecad0 JavaThread "Monitor Deflation Thread" daemon [_thread_blocked, id=17780, stack(0x000000ba88a00000,0x000000ba88b00000)]
=>0x000001e67c4ed6b0 JavaThread "C2 CompilerThread0" daemon [_thread_in_native, id=21020, stack(0x000000ba88b00000,0x000000ba88c00000)]
  0x000001e67c4effb0 JavaThread "C1 CompilerThread0" daemon [_thread_blocked, id=4320, stack(0x000000ba88c00000,0x000000ba88d00000)]
  0x000001e67c4f28b0 JavaThread "Sweeper thread" daemon [_thread_blocked, id=18764, stack(0x000000ba88d00000,0x000000ba88e00000)]
  0x000001e67c73f9b0 JavaThread "Notification Thread" daemon [_thread_blocked, id=8612, stack(0x000000ba88e00000,0x000000ba88f00000)]
  0x000001e67c743510 JavaThread "Common-Cleaner" daemon [_thread_blocked, id=1784, stack(0x000000ba89000000,0x000000ba89100000)]

Other Threads:
  0x000001e66e31e100 VMThread "VM Thread" [stack: 0x000000ba88400000,0x000000ba88500000] [id=308]
  0x000001e67c742290 WatcherThread "VM Periodic Task Thread" [stack: 0x000000ba88f00000,0x000000ba89000000] [id=15448]
  0x000001e66e309230 WorkerThread "GC Thread#0" [stack: 0x000000ba87f00000,0x000000ba88000000] [id=6912]
  0x000001e67cb8b8d0 WorkerThread "GC Thread#1" [stack: 0x000000ba89100000,0x000000ba89200000] [id=20612]
  0x000001e67cb8a800 WorkerThread "GC Thread#2" [stack: 0x000000ba89200000,0x000000ba89300000] [id=1384]
  0x000001e67cc9e010 WorkerThread "GC Thread#3" [stack: 0x000000ba89300000,0x000000ba89400000] [id=14384]
  0x000001e67cc9e2b0 WorkerThread "GC Thread#4" [stack: 0x000000ba89400000,0x000000ba89500000] [id=8648]
  0x000001e67cc9e550 WorkerThread "GC Thread#5" [stack: 0x000000ba89500000,0x000000ba89600000] [id=8820]
  0x000001e66e316390 ConcurrentGCThread "G1 Main Marker" [stack: 0x000000ba88000000,0x000000ba88100000] [id=12712]
  0x000001e66e316c90 WorkerThread "G1 Conc#0" [stack: 0x000000ba88100000,0x000000ba88200000] [id=15724]
  0x000001e66e364fa0 ConcurrentGCThread "G1 Refine#0" [stack: 0x000000ba88200000,0x000000ba88300000] [id=11204]
  0x000001e66e3657c0 ConcurrentGCThread "G1 Service" [stack: 0x000000ba88300000,0x000000ba88400000] [id=19080]

Threads with active compile tasks:
C2 CompilerThread0     3592 1709       4       jdk.internal.org.objectweb.asm.SymbolTable::addConstantUtf8 (98 bytes)

VM state: not at safepoint (normal execution)

VM Mutex/Monitor currently owned by a thread: None

Heap address: 0x00000000a2400000, size: 1500 MB, Compressed Oops mode: 32-bit

CDS archive(s) mapped at: [0x0000000800000000-0x0000000800ba0000-0x0000000800ba0000), size 12189696, SharedBaseAddress: 0x0000000800000000, ArchiveRelocationMode: 0.
Compressed class space mapped at: 0x0000000800c00000-0x0000000840c00000, reserved size: 1073741824
Narrow klass base: 0x0000000800000000, Narrow klass shift: 0, Narrow klass range: 0x100000000

GC Precious Log:
 CardTable entry size: 512
 Card Set container configuration: InlinePtr #cards 5 size 8 Array Of Cards #cards 12 size 40 Howl #buckets 4 coarsen threshold 1843 Howl Bitmap #cards 512 size 80 coarsen threshold 460 Card regions per heap region 1 cards per card region 2048
 CPUs: 12 total, 12 available
 Memory: 5996M
 Large Page Support: Disabled
 NUMA Support: Disabled
 Compressed Oops: Enabled (32-bit)
 Heap Region Size: 1M
 Heap Min Capacity: 8M
 Heap Initial Capacity: 94M
 Heap Max Capacity: 1500M
 Pre-touch: Disabled
 Parallel Workers: 10
 Concurrent Workers: 3
 Concurrent Refinement Workers: 10
 Periodic GC: Disabled

Heap:
 garbage-first heap   total 96256K, used 36640K [0x00000000a2400000, 0x0000000100000000)
  region size 1024K, 34 young (34816K), 3 survivors (3072K)
 Metaspace       used 13652K, committed 13952K, reserved 1114112K
  class space    used 1524K, committed 1664K, reserved 1048576K

Heap Regions: E=young(eden), S=young(survivor), O=old, HS=humongous(starts), HC=humongous(continues), CS=collection set, F=free, OA=open archive, CA=closed archive, TAMS=top-at-mark-start (previous, next)
|   0|0x00000000a2400000, 0x00000000a2500000, 0x00000000a2500000|100%|HS|  |TAMS 0x00000000a2400000, 0x00000000a2400000| Complete 
|   1|0x00000000a2500000, 0x00000000a2600000, 0x00000000a2600000|100%|HC|  |TAMS 0x00000000a2500000, 0x00000000a2500000| Complete 
|   2|0x00000000a2600000, 0x00000000a2700000, 0x00000000a2700000|100%|HC|  |TAMS 0x00000000a2600000, 0x00000000a2600000| Complete 
|   3|0x00000000a2700000, 0x00000000a2700000, 0x00000000a2800000|  0%| F|  |TAMS 0x00000000a2700000, 0x00000000a2700000| Untracked 
|   4|0x00000000a2800000, 0x00000000a2800000, 0x00000000a2900000|  0%| F|  |TAMS 0x00000000a2800000, 0x00000000a2800000| Untracked 
|   5|0x00000000a2900000, 0x00000000a2900000, 0x00000000a2a00000|  0%| F|  |TAMS 0x00000000a2900000, 0x00000000a2900000| Untracked 
|   6|0x00000000a2a00000, 0x00000000a2a00000, 0x00000000a2b00000|  0%| F|  |TAMS 0x00000000a2a00000, 0x00000000a2a00000| Untracked 
|   7|0x00000000a2b00000, 0x00000000a2b00000, 0x00000000a2c00000|  0%| F|  |TAMS 0x00000000a2b00000, 0x00000000a2b00000| Untracked 
|   8|0x00000000a2c00000, 0x00000000a2c00000, 0x00000000a2d00000|  0%| F|  |TAMS 0x00000000a2c00000, 0x00000000a2c00000| Untracked 
|   9|0x00000000a2d00000, 0x00000000a2d00000, 0x00000000a2e00000|  0%| F|  |TAMS 0x00000000a2d00000, 0x00000000a2d00000| Untracked 
|  10|0x00000000a2e00000, 0x00000000a2e00000, 0x00000000a2f00000|  0%| F|  |TAMS 0x00000000a2e00000, 0x00000000a2e00000| Untracked 
|  11|0x00000000a2f00000, 0x00000000a2f00000, 0x00000000a3000000|  0%| F|  |TAMS 0x00000000a2f00000, 0x00000000a2f00000| Untracked 
|  12|0x00000000a3000000, 0x00000000a3000000, 0x00000000a3100000|  0%| F|  |TAMS 0x00000000a3000000, 0x00000000a3000000| Untracked 
|  13|0x00000000a3100000, 0x00000000a3100000, 0x00000000a3200000|  0%| F|  |TAMS 0x00000000a3100000, 0x00000000a3100000| Untracked 
|  14|0x00000000a3200000, 0x00000000a3200000, 0x00000000a3300000|  0%| F|  |TAMS 0x00000000a3200000, 0x00000000a3200000| Untracked 
|  15|0x00000000a3300000, 0x00000000a3300000, 0x00000000a3400000|  0%| F|  |TAMS 0x00000000a3300000, 0x00000000a3300000| Untracked 
|  16|0x00000000a3400000, 0x00000000a3400000, 0x00000000a3500000|  0%| F|  |TAMS 0x00000000a3400000, 0x00000000a3400000| Untracked 
|  17|0x00000000a3500000, 0x00000000a3500000, 0x00000000a3600000|  0%| F|  |TAMS 0x00000000a3500000, 0x00000000a3500000| Untracked 
|  18|0x00000000a3600000, 0x00000000a3600000, 0x00000000a3700000|  0%| F|  |TAMS 0x00000000a3600000, 0x00000000a3600000| Untracked 
|  19|0x00000000a3700000, 0x00000000a3700000, 0x00000000a3800000|  0%| F|  |TAMS 0x00000000a3700000, 0x00000000a3700000| Untracked 
|  20|0x00000000a3800000, 0x00000000a3800000, 0x00000000a3900000|  0%| F|  |TAMS 0x00000000a3800000, 0x00000000a3800000| Untracked 
|  21|0x00000000a3900000, 0x00000000a3900000, 0x00000000a3a00000|  0%| F|  |TAMS 0x00000000a3900000, 0x00000000a3900000| Untracked 
|  22|0x00000000a3a00000, 0x00000000a3a00000, 0x00000000a3b00000|  0%| F|  |TAMS 0x00000000a3a00000, 0x00000000a3a00000| Untracked 
|  23|0x00000000a3b00000, 0x00000000a3b00000, 0x00000000a3c00000|  0%| F|  |TAMS 0x00000000a3b00000, 0x00000000a3b00000| Untracked 
|  24|0x00000000a3c00000, 0x00000000a3c00000, 0x00000000a3d00000|  0%| F|  |TAMS 0x00000000a3c00000, 0x00000000a3c00000| Untracked 
|  25|0x00000000a3d00000, 0x00000000a3d00000, 0x00000000a3e00000|  0%| F|  |TAMS 0x00000000a3d00000, 0x00000000a3d00000| Untracked 
|  26|0x00000000a3e00000, 0x00000000a3e00000, 0x00000000a3f00000|  0%| F|  |TAMS 0x00000000a3e00000, 0x00000000a3e00000| Untracked 
|  27|0x00000000a3f00000, 0x00000000a3f00000, 0x00000000a4000000|  0%| F|  |TAMS 0x00000000a3f00000, 0x00000000a3f00000| Untracked 
|  28|0x00000000a4000000, 0x00000000a4000000, 0x00000000a4100000|  0%| F|  |TAMS 0x00000000a4000000, 0x00000000a4000000| Untracked 
|  29|0x00000000a4100000, 0x00000000a4100000, 0x00000000a4200000|  0%| F|  |TAMS 0x00000000a4100000, 0x00000000a4100000| Untracked 
|  30|0x00000000a4200000, 0x00000000a4200000, 0x00000000a4300000|  0%| F|  |TAMS 0x00000000a4200000, 0x00000000a4200000| Untracked 
|  31|0x00000000a4300000, 0x00000000a4300000, 0x00000000a4400000|  0%| F|  |TAMS 0x00000000a4300000, 0x00000000a4300000| Untracked 
|  32|0x00000000a4400000, 0x00000000a4400000, 0x00000000a4500000|  0%| F|  |TAMS 0x00000000a4400000, 0x00000000a4400000| Untracked 
|  33|0x00000000a4500000, 0x00000000a4500000, 0x00000000a4600000|  0%| F|  |TAMS 0x00000000a4500000, 0x00000000a4500000| Untracked 
|  34|0x00000000a4600000, 0x00000000a4600000, 0x00000000a4700000|  0%| F|  |TAMS 0x00000000a4600000, 0x00000000a4600000| Untracked 
|  35|0x00000000a4700000, 0x00000000a4700000, 0x00000000a4800000|  0%| F|  |TAMS 0x00000000a4700000, 0x00000000a4700000| Untracked 
|  36|0x00000000a4800000, 0x00000000a4800000, 0x00000000a4900000|  0%| F|  |TAMS 0x00000000a4800000, 0x00000000a4800000| Untracked 
|  37|0x00000000a4900000, 0x00000000a4900000, 0x00000000a4a00000|  0%| F|  |TAMS 0x00000000a4900000, 0x00000000a4900000| Untracked 
|  38|0x00000000a4a00000, 0x00000000a4a00000, 0x00000000a4b00000|  0%| F|  |TAMS 0x00000000a4a00000, 0x00000000a4a00000| Untracked 
|  39|0x00000000a4b00000, 0x00000000a4b00000, 0x00000000a4c00000|  0%| F|  |TAMS 0x00000000a4b00000, 0x00000000a4b00000| Untracked 
|  40|0x00000000a4c00000, 0x00000000a4c00000, 0x00000000a4d00000|  0%| F|  |TAMS 0x00000000a4c00000, 0x00000000a4c00000| Untracked 
|  41|0x00000000a4d00000, 0x00000000a4d00000, 0x00000000a4e00000|  0%| F|  |TAMS 0x00000000a4d00000, 0x00000000a4d00000| Untracked 
|  42|0x00000000a4e00000, 0x00000000a4e00000, 0x00000000a4f00000|  0%| F|  |TAMS 0x00000000a4e00000, 0x00000000a4e00000| Untracked 
|  43|0x00000000a4f00000, 0x00000000a4f00000, 0x00000000a5000000|  0%| F|  |TAMS 0x00000000a4f00000, 0x00000000a4f00000| Untracked 
|  44|0x00000000a5000000, 0x00000000a5000000, 0x00000000a5100000|  0%| F|  |TAMS 0x00000000a5000000, 0x00000000a5000000| Untracked 
|  45|0x00000000a5100000, 0x00000000a5100000, 0x00000000a5200000|  0%| F|  |TAMS 0x00000000a5100000, 0x00000000a5100000| Untracked 
|  46|0x00000000a5200000, 0x00000000a5200000, 0x00000000a5300000|  0%| F|  |TAMS 0x00000000a5200000, 0x00000000a5200000| Untracked 
|  47|0x00000000a5300000, 0x00000000a5300000, 0x00000000a5400000|  0%| F|  |TAMS 0x00000000a5300000, 0x00000000a5300000| Untracked 
|  48|0x00000000a5400000, 0x00000000a5400000, 0x00000000a5500000|  0%| F|  |TAMS 0x00000000a5400000, 0x00000000a5400000| Untracked 
|  49|0x00000000a5500000, 0x00000000a5500000, 0x00000000a5600000|  0%| F|  |TAMS 0x00000000a5500000, 0x00000000a5500000| Untracked 
|  50|0x00000000a5600000, 0x00000000a5600000, 0x00000000a5700000|  0%| F|  |TAMS 0x00000000a5600000, 0x00000000a5600000| Untracked 
|  51|0x00000000a5700000, 0x00000000a5700000, 0x00000000a5800000|  0%| F|  |TAMS 0x00000000a5700000, 0x00000000a5700000| Untracked 
|  52|0x00000000a5800000, 0x00000000a5800000, 0x00000000a5900000|  0%| F|  |TAMS 0x00000000a5800000, 0x00000000a5800000| Untracked 
|  53|0x00000000a5900000, 0x00000000a5900000, 0x00000000a5a00000|  0%| F|  |TAMS 0x00000000a5900000, 0x00000000a5900000| Untracked 
|  54|0x00000000a5a00000, 0x00000000a5a00000, 0x00000000a5b00000|  0%| F|  |TAMS 0x00000000a5a00000, 0x00000000a5a00000| Untracked 
|  55|0x00000000a5b00000, 0x00000000a5b00000, 0x00000000a5c00000|  0%| F|  |TAMS 0x00000000a5b00000, 0x00000000a5b00000| Untracked 
|  56|0x00000000a5c00000, 0x00000000a5c00000, 0x00000000a5d00000|  0%| F|  |TAMS 0x00000000a5c00000, 0x00000000a5c00000| Untracked 
|  57|0x00000000a5d00000, 0x00000000a5d00000, 0x00000000a5e00000|  0%| F|  |TAMS 0x00000000a5d00000, 0x00000000a5d00000| Untracked 
|  58|0x00000000a5e00000, 0x00000000a5e00000, 0x00000000a5f00000|  0%| F|  |TAMS 0x00000000a5e00000, 0x00000000a5e00000| Untracked 
|  59|0x00000000a5f00000, 0x00000000a5f00000, 0x00000000a6000000|  0%| F|  |TAMS 0x00000000a5f00000, 0x00000000a5f00000| Untracked 
|  60|0x00000000a6000000, 0x00000000a60cd5c8, 0x00000000a6100000| 80%| E|  |TAMS 0x00000000a6000000, 0x00000000a6000000| Complete 
|  61|0x00000000a6100000, 0x00000000a6200000, 0x00000000a6200000|100%| E|CS|TAMS 0x00000000a6100000, 0x00000000a6100000| Complete 
|  62|0x00000000a6200000, 0x00000000a6300000, 0x00000000a6300000|100%| E|CS|TAMS 0x00000000a6200000, 0x00000000a6200000| Complete 
|  63|0x00000000a6300000, 0x00000000a6400000, 0x00000000a6400000|100%| E|CS|TAMS 0x00000000a6300000, 0x00000000a6300000| Complete 
|  64|0x00000000a6400000, 0x00000000a6500000, 0x00000000a6500000|100%| E|CS|TAMS 0x00000000a6400000, 0x00000000a6400000| Complete 
|  65|0x00000000a6500000, 0x00000000a6600000, 0x00000000a6600000|100%| E|CS|TAMS 0x00000000a6500000, 0x00000000a6500000| Complete 
|  66|0x00000000a6600000, 0x00000000a6700000, 0x00000000a6700000|100%| E|CS|TAMS 0x00000000a6600000, 0x00000000a6600000| Complete 
|  67|0x00000000a6700000, 0x00000000a6800000, 0x00000000a6800000|100%| E|CS|TAMS 0x00000000a6700000, 0x00000000a6700000| Complete 
|  68|0x00000000a6800000, 0x00000000a68c8000, 0x00000000a6900000| 78%| S|CS|TAMS 0x00000000a6800000, 0x00000000a6800000| Complete 
|  69|0x00000000a6900000, 0x00000000a6a00000, 0x00000000a6a00000|100%| S|CS|TAMS 0x00000000a6900000, 0x00000000a6900000| Complete 
|  70|0x00000000a6a00000, 0x00000000a6b00000, 0x00000000a6b00000|100%| S|CS|TAMS 0x00000000a6a00000, 0x00000000a6a00000| Complete 
|  71|0x00000000a6b00000, 0x00000000a6c00000, 0x00000000a6c00000|100%| E|CS|TAMS 0x00000000a6b00000, 0x00000000a6b00000| Complete 
|  72|0x00000000a6c00000, 0x00000000a6d00000, 0x00000000a6d00000|100%| E|CS|TAMS 0x00000000a6c00000, 0x00000000a6c00000| Complete 
|  73|0x00000000a6d00000, 0x00000000a6e00000, 0x00000000a6e00000|100%| E|CS|TAMS 0x00000000a6d00000, 0x00000000a6d00000| Complete 
|  74|0x00000000a6e00000, 0x00000000a6f00000, 0x00000000a6f00000|100%| E|CS|TAMS 0x00000000a6e00000, 0x00000000a6e00000| Complete 
|  75|0x00000000a6f00000, 0x00000000a7000000, 0x00000000a7000000|100%| E|CS|TAMS 0x00000000a6f00000, 0x00000000a6f00000| Complete 
|  76|0x00000000a7000000, 0x00000000a7100000, 0x00000000a7100000|100%| E|CS|TAMS 0x00000000a7000000, 0x00000000a7000000| Complete 
|  77|0x00000000a7100000, 0x00000000a7200000, 0x00000000a7200000|100%| E|CS|TAMS 0x00000000a7100000, 0x00000000a7100000| Complete 
|  78|0x00000000a7200000, 0x00000000a7300000, 0x00000000a7300000|100%| E|CS|TAMS 0x00000000a7200000, 0x00000000a7200000| Complete 
|  79|0x00000000a7300000, 0x00000000a7400000, 0x00000000a7400000|100%| E|CS|TAMS 0x00000000a7300000, 0x00000000a7300000| Complete 
|  80|0x00000000a7400000, 0x00000000a7500000, 0x00000000a7500000|100%| E|CS|TAMS 0x00000000a7400000, 0x00000000a7400000| Complete 
|  81|0x00000000a7500000, 0x00000000a7600000, 0x00000000a7600000|100%| E|CS|TAMS 0x00000000a7500000, 0x00000000a7500000| Complete 
|  82|0x00000000a7600000, 0x00000000a7700000, 0x00000000a7700000|100%| E|CS|TAMS 0x00000000a7600000, 0x00000000a7600000| Complete 
|  83|0x00000000a7700000, 0x00000000a7800000, 0x00000000a7800000|100%| E|CS|TAMS 0x00000000a7700000, 0x00000000a7700000| Complete 
|  84|0x00000000a7800000, 0x00000000a7900000, 0x00000000a7900000|100%| E|CS|TAMS 0x00000000a7800000, 0x00000000a7800000| Complete 
|  85|0x00000000a7900000, 0x00000000a7a00000, 0x00000000a7a00000|100%| E|CS|TAMS 0x00000000a7900000, 0x00000000a7900000| Complete 
|  86|0x00000000a7a00000, 0x00000000a7b00000, 0x00000000a7b00000|100%| E|CS|TAMS 0x00000000a7a00000, 0x00000000a7a00000| Complete 
|  87|0x00000000a7b00000, 0x00000000a7c00000, 0x00000000a7c00000|100%| E|CS|TAMS 0x00000000a7b00000, 0x00000000a7b00000| Complete 
|  88|0x00000000a7c00000, 0x00000000a7d00000, 0x00000000a7d00000|100%| E|CS|TAMS 0x00000000a7c00000, 0x00000000a7c00000| Complete 
|  89|0x00000000a7d00000, 0x00000000a7e00000, 0x00000000a7e00000|100%| E|CS|TAMS 0x00000000a7d00000, 0x00000000a7d00000| Complete 
|  90|0x00000000a7e00000, 0x00000000a7f00000, 0x00000000a7f00000|100%| E|CS|TAMS 0x00000000a7e00000, 0x00000000a7e00000| Complete 
|  91|0x00000000a7f00000, 0x00000000a8000000, 0x00000000a8000000|100%| E|CS|TAMS 0x00000000a7f00000, 0x00000000a7f00000| Complete 
|  92|0x00000000a8000000, 0x00000000a8100000, 0x00000000a8100000|100%| E|CS|TAMS 0x00000000a8000000, 0x00000000a8000000| Complete 
|  93|0x00000000a8100000, 0x00000000a8200000, 0x00000000a8200000|100%| E|CS|TAMS 0x00000000a8100000, 0x00000000a8100000| Complete 

Card table byte_map: [0x000001e676430000,0x000001e676720000] _byte_map_base: 0x000001e675f1e000

Marking Bits (Prev, Next): (CMBitMap*) 0x000001e66e309740, (CMBitMap*) 0x000001e66e309780
 Prev Bits: [0x000001e676a10000, 0x000001e678180000)
 Next Bits: [0x000001e678180000, 0x000001e6798f0000)

Polling page: 0x000001e66c260000

Metaspace:

Usage:
  Non-class:     11.91 MB used.
      Class:      1.49 MB used.
       Both:     13.40 MB used.

Virtual space:
  Non-class space:       64.00 MB reserved,      12.06 MB ( 19%) committed,  1 nodes.
      Class space:        1.00 GB reserved,       1.62 MB ( <1%) committed,  1 nodes.
             Both:        1.06 GB reserved,      13.69 MB (  1%) committed. 

Chunk freelists:
   Non-Class:  1.67 MB
       Class:  2.33 MB
        Both:  4.00 MB

MaxMetaspaceSize: unlimited
CompressedClassSpaceSize: 1.00 GB
Initial GC threshold: 21.00 MB
Current GC threshold: 21.00 MB
CDS: on
MetaspaceReclaimPolicy: balanced
 - commit_granule_bytes: 65536.
 - commit_granule_words: 8192.
 - virtual_space_node_default_size: 8388608.
 - enlarge_chunks_in_place: 1.
 - new_chunks_are_fully_committed: 0.
 - uncommit_free_chunks: 1.
 - use_allocation_guard: 0.


Internal statistics:

num_allocs_failed_limit: 0.
num_arena_births: 176.
num_arena_deaths: 0.
num_vsnodes_births: 2.
num_vsnodes_deaths: 0.
num_space_committed: 219.
num_space_uncommitted: 0.
num_chunks_returned_to_freelist: 0.
num_chunks_taken_from_freelist: 636.
num_chunk_merges: 0.
num_chunk_splits: 499.
num_chunks_enlarged: 423.
num_inconsistent_stats: 0.

CodeHeap 'non-profiled nmethods': size=120000Kb used=501Kb max_used=501Kb free=119499Kb
 bounds [0x000001e607ad0000, 0x000001e607d40000, 0x000001e60f000000]
CodeHeap 'profiled nmethods': size=120000Kb used=3260Kb max_used=3260Kb free=116740Kb
 bounds [0x000001e6005a0000, 0x000001e6008d0000, 0x000001e607ad0000]
CodeHeap 'non-nmethods': size=5760Kb used=1210Kb max_used=1221Kb free=4549Kb
 bounds [0x000001e600000000, 0x000001e600270000, 0x000001e6005a0000]
 total_blobs=2221 nmethods=1724 adapters=409
 compilation: enabled
              stopped_count=0, restarted_count=0
 full_count=0

Compilation events (20 events):
Event: 3.470 Thread 0x000001e67c4effb0 nmethod 1700 0x000001e6008c3310 code [0x000001e6008c34c0, 0x000001e6008c3708]
Event: 3.472 Thread 0x000001e67c4effb0 1701       3       java.lang.invoke.MethodHandles$Lookup::checkAccess (232 bytes)
Event: 3.473 Thread 0x000001e67c4effb0 nmethod 1701 0x000001e6008c3810 code [0x000001e6008c3b00, 0x000001e6008c4b98]
Event: 3.497 Thread 0x000001e67c4effb0 1702       3       java.lang.invoke.MethodHandles$Lookup::checkSymbolicClass (25 bytes)
Event: 3.497 Thread 0x000001e67c4effb0 nmethod 1702 0x000001e6008c5010 code [0x000001e6008c51e0, 0x000001e6008c5448]
Event: 3.497 Thread 0x000001e67c4effb0 1704       3       java.lang.invoke.LambdaForm$NamedFunction::member (26 bytes)
Event: 3.498 Thread 0x000001e67c4effb0 nmethod 1704 0x000001e6008c5590 code [0x000001e6008c5720, 0x000001e6008c5838]
Event: 3.498 Thread 0x000001e67c4effb0 1705       3       java.lang.invoke.InvokerBytecodeGenerator::isStaticallyInvocable (165 bytes)
Event: 3.498 Thread 0x000001e67c4ed6b0 1707       4       jdk.internal.org.objectweb.asm.SymbolTable$Entry::<init> (17 bytes)
Event: 3.499 Thread 0x000001e67c4effb0 nmethod 1705 0x000001e6008c5910 code [0x000001e6008c5cc0, 0x000001e6008c71e8]
Event: 3.499 Thread 0x000001e67c4effb0 1706       3       java.lang.invoke.MemberName::isPrivate (8 bytes)
Event: 3.499 Thread 0x000001e67c4effb0 nmethod 1706 0x000001e6008c7710 code [0x000001e6008c78a0, 0x000001e6008c7a78]
Event: 3.499 Thread 0x000001e67c4effb0 1708       3       jdk.internal.org.objectweb.asm.MethodWriter::visitCode (1 bytes)
Event: 3.499 Thread 0x000001e67c4effb0 nmethod 1708 0x000001e6008c7b10 code [0x000001e6008c7ca0, 0x000001e6008c7db8]
Event: 3.500 Thread 0x000001e67c4ed6b0 nmethod 1707 0x000001e607b4c410 code [0x000001e607b4c580, 0x000001e607b4c798]
Event: 3.500 Thread 0x000001e67c4effb0 1710       3       java.util.ImmutableCollections$Set12::iterator (9 bytes)
Event: 3.501 Thread 0x000001e67c4effb0 nmethod 1710 0x000001e6008c7e90 code [0x000001e6008c8040, 0x000001e6008c8338]
Event: 3.501 Thread 0x000001e67c4effb0 1711       3       java.util.ImmutableCollections$Set12$1::<init> (32 bytes)
Event: 3.501 Thread 0x000001e67c4effb0 nmethod 1711 0x000001e6008c8410 code [0x000001e6008c85c0, 0x000001e6008c87f8]
Event: 3.502 Thread 0x000001e67c4ed6b0 1709       4       jdk.internal.org.objectweb.asm.SymbolTable::addConstantUtf8 (98 bytes)

GC Heap History (2 events):
Event: 1.912 GC heap before
{Heap before GC invocations=0 (full 0):
 garbage-first heap   total 96256K, used 26624K [0x00000000a2400000, 0x0000000100000000)
  region size 1024K, 23 young (23552K), 0 survivors (0K)
 Metaspace       used 6636K, committed 6784K, reserved 1114112K
  class space    used 660K, committed 768K, reserved 1048576K
}
Event: 1.934 GC heap after
{Heap after GC invocations=1 (full 0):
 garbage-first heap   total 96256K, used 5920K [0x00000000a2400000, 0x0000000100000000)
  region size 1024K, 3 young (3072K), 3 survivors (3072K)
 Metaspace       used 6636K, committed 6784K, reserved 1114112K
  class space    used 660K, committed 768K, reserved 1048576K
}

Deoptimization events (20 events):
Event: 2.410 Thread 0x000001e66e2b9cc0 DEOPT PACKING pc=0x000001e607b052c8 sp=0x000000ba87efbcc0
Event: 2.410 Thread 0x000001e66e2b9cc0 DEOPT UNPACKING pc=0x000001e6000523a3 sp=0x000000ba87efbba8 mode 2
Event: 2.410 Thread 0x000001e66e2b9cc0 Uncommon trap: trap_request=0xffffffc6 fr.pc=0x000001e607b052c8 relative=0x00000000000003e8
Event: 2.410 Thread 0x000001e66e2b9cc0 Uncommon trap: reason=bimorphic_or_optimized_type_check action=maybe_recompile pc=0x000001e607b052c8 method=kotlin.reflect.jvm.internal.impl.protobuf.CodedInputStream.tryRefillBuffer(I)Z @ 175 c2
Event: 2.410 Thread 0x000001e66e2b9cc0 DEOPT PACKING pc=0x000001e607b052c8 sp=0x000000ba87efbcc0
Event: 2.410 Thread 0x000001e66e2b9cc0 DEOPT UNPACKING pc=0x000001e6000523a3 sp=0x000000ba87efbba8 mode 2
Event: 2.509 Thread 0x000001e66e2b9cc0 Uncommon trap: trap_request=0xffffff45 fr.pc=0x000001e607b03240 relative=0x0000000000000220
Event: 2.509 Thread 0x000001e66e2b9cc0 Uncommon trap: reason=unstable_if action=reinterpret pc=0x000001e607b03240 method=java.lang.String.startsWith(Ljava/lang/String;I)Z @ 14 c2
Event: 2.509 Thread 0x000001e66e2b9cc0 DEOPT PACKING pc=0x000001e607b03240 sp=0x000000ba87efccb0
Event: 2.509 Thread 0x000001e66e2b9cc0 DEOPT UNPACKING pc=0x000001e6000523a3 sp=0x000000ba87efcbb8 mode 2
Event: 2.509 Thread 0x000001e66e2b9cc0 Uncommon trap: trap_request=0xffffff45 fr.pc=0x000001e607af53c0 relative=0x00000000000002a0
Event: 2.509 Thread 0x000001e66e2b9cc0 Uncommon trap: reason=unstable_if action=reinterpret pc=0x000001e607af53c0 method=java.lang.String.startsWith(Ljava/lang/String;I)Z @ 14 c2
Event: 2.509 Thread 0x000001e66e2b9cc0 DEOPT PACKING pc=0x000001e607af53c0 sp=0x000000ba87efcc40
Event: 2.509 Thread 0x000001e66e2b9cc0 DEOPT UNPACKING pc=0x000001e6000523a3 sp=0x000000ba87efcbb8 mode 2
Event: 2.658 Thread 0x000001e66e2b9cc0 DEOPT PACKING pc=0x000001e60081b69c sp=0x000000ba87efdd50
Event: 2.658 Thread 0x000001e66e2b9cc0 DEOPT UNPACKING pc=0x000001e600052b43 sp=0x000000ba87efd328 mode 0
Event: 2.844 Thread 0x000001e66e2b9cc0 Uncommon trap: trap_request=0xffffff45 fr.pc=0x000001e607b12ad0 relative=0x00000000000000b0
Event: 2.844 Thread 0x000001e66e2b9cc0 Uncommon trap: reason=unstable_if action=reinterpret pc=0x000001e607b12ad0 method=java.lang.Integer.valueOf(I)Ljava/lang/Integer; @ 3 c2
Event: 2.844 Thread 0x000001e66e2b9cc0 DEOPT PACKING pc=0x000001e607b12ad0 sp=0x000000ba87efc840
Event: 2.845 Thread 0x000001e66e2b9cc0 DEOPT UNPACKING pc=0x000001e6000523a3 sp=0x000000ba87efc7d8 mode 2

Classes loaded (20 events):
Event: 3.193 Loading class javax/swing/text/html/HTMLEditorKit$ParserCallback
Event: 3.194 Loading class javax/swing/text/html/HTMLEditorKit$ParserCallback done
Event: 3.201 Loading class java/lang/Process
Event: 3.202 Loading class java/lang/Process done
Event: 3.307 Loading class java/io/IOError
Event: 3.307 Loading class java/io/IOError done
Event: 3.307 Loading class java/nio/file/FileSystemNotFoundException
Event: 3.308 Loading class java/nio/file/FileSystemNotFoundException done
Event: 3.334 Loading class java/lang/AbstractMethodError
Event: 3.334 Loading class java/lang/AbstractMethodError done
Event: 3.464 Loading class java/util/concurrent/ConcurrentLinkedQueue
Event: 3.465 Loading class java/util/AbstractQueue
Event: 3.465 Loading class java/util/AbstractQueue done
Event: 3.465 Loading class java/util/concurrent/ConcurrentLinkedQueue done
Event: 3.466 Loading class java/util/concurrent/ConcurrentLinkedQueue$Node
Event: 3.466 Loading class java/util/concurrent/ConcurrentLinkedQueue$Node done
Event: 3.499 Loading class java/lang/invoke/DirectMethodHandle$Special
Event: 3.500 Loading class java/lang/invoke/DirectMethodHandle$Special done
Event: 3.506 Loading class java/util/EventListener
Event: 3.506 Loading class java/util/EventListener done

Classes unloaded (0 events):
No events

Classes redefined (0 events):
No events

Internal exceptions (20 events):
Event: 2.160 Thread 0x000001e66e2b9cc0 Exception <a 'java/lang/NoSuchMethodError'{0x00000000a7e76398}: 'java.lang.Object java.lang.invoke.DirectMethodHandle$Holder.invokeStatic(java.lang.Object, java.lang.Object, int)'> (0x00000000a7e76398) 
thrown [s\open\src\hotspot\share\interpreter\linkResolver.cpp, line 759]
Event: 2.164 Thread 0x000001e66e2b9cc0 Exception <a 'java/lang/NoSuchMethodError'{0x00000000a7e82680}: 'void java.lang.invoke.DelegatingMethodHandle$Holder.delegate(java.lang.Object, java.lang.Object, int, java.lang.Object)'> (0x00000000a7e82680) 
thrown [s\open\src\hotspot\share\interpreter\linkResolver.cpp, line 759]
Event: 2.168 Thread 0x000001e66e2b9cc0 Exception <a 'java/lang/NoSuchMethodError'{0x00000000a7e90298}: 'java.lang.Object java.lang.invoke.Invokers$Holder.invokeExact_MT(java.lang.Object, java.lang.Object, java.lang.Object, java.lang.Object, java.lang.Object)'> (0x00000000a7e90298) 
thrown [s\open\src\hotspot\share\interpreter\linkResolver.cpp, line 759]
Event: 2.590 Thread 0x000001e66e2b9cc0 Exception <a 'java/lang/NoSuchMethodError'{0x00000000a75829b0}: 'java.lang.Object java.lang.invoke.DirectMethodHandle$Holder.newInvokeSpecial(java.lang.Object, java.lang.Object, java.lang.Object, java.lang.Object, java.lang.Object)'> (0x00000000a75829b0) 
thrown [s\open\src\hotspot\share\interpreter\linkResolver.cpp, line 759]
Event: 2.689 Thread 0x000001e66e2b9cc0 Exception <a 'java/lang/NoSuchMethodError'{0x00000000a725e988}: 'void java.lang.invoke.DirectMethodHandle$Holder.invokeSpecial(java.lang.Object, java.lang.Object, int)'> (0x00000000a725e988) 
thrown [s\open\src\hotspot\share\interpreter\linkResolver.cpp, line 759]
Event: 2.691 Thread 0x000001e66e2b9cc0 Exception <a 'java/lang/NoSuchMethodError'{0x00000000a7263400}: 'int java.lang.invoke.DirectMethodHandle$Holder.invokeSpecial(java.lang.Object, java.lang.Object, java.lang.Object, int)'> (0x00000000a7263400) 
thrown [s\open\src\hotspot\share\interpreter\linkResolver.cpp, line 759]
Event: 2.693 Thread 0x000001e66e2b9cc0 Exception <a 'java/lang/NoSuchMethodError'{0x00000000a7275d58}: 'java.lang.Object java.lang.invoke.DirectMethodHandle$Holder.invokeStatic(java.lang.Object, java.lang.Object, java.lang.Object, java.lang.Object, int)'> (0x00000000a7275d58) 
thrown [s\open\src\hotspot\share\interpreter\linkResolver.cpp, line 759]
Event: 2.694 Thread 0x000001e66e2b9cc0 Exception <a 'java/lang/NoSuchMethodError'{0x00000000a7281148}: 'void java.lang.invoke.DelegatingMethodHandle$Holder.reinvoke_L(java.lang.Object, java.lang.Object, int)'> (0x00000000a7281148) 
thrown [s\open\src\hotspot\share\interpreter\linkResolver.cpp, line 759]
Event: 2.697 Thread 0x000001e66e2b9cc0 Exception <a 'java/lang/NoSuchMethodError'{0x00000000a72901f0}: 'void java.lang.invoke.DirectMethodHandle$Holder.invokeSpecial(java.lang.Object, java.lang.Object, java.lang.Object)'> (0x00000000a72901f0) 
thrown [s\open\src\hotspot\share\interpreter\linkResolver.cpp, line 759]
Event: 2.779 Thread 0x000001e66e2b9cc0 Exception <a 'java/lang/NoSuchMethodError'{0x00000000a7081cc0}: 'int java.lang.invoke.DelegatingMethodHandle$Holder.reinvoke_L(java.lang.Object, java.lang.Object, java.lang.Object, long, int, int)'> (0x00000000a7081cc0) 
thrown [s\open\src\hotspot\share\interpreter\linkResolver.cpp, line 759]
Event: 2.809 Thread 0x000001e66e2b9cc0 Exception <a 'java/lang/NoSuchMethodError'{0x00000000a7090600}: 'int java.lang.invoke.DelegatingMethodHandle$Holder.reinvoke_L(java.lang.Object, java.lang.Object, java.lang.Object, long, long, long)'> (0x00000000a7090600) 
thrown [s\open\src\hotspot\share\interpreter\linkResolver.cpp, line 759]
Event: 2.813 Thread 0x000001e66e2b9cc0 Exception <a 'java/lang/NoSuchMethodError'{0x00000000a709f240}: 'int java.lang.invoke.DelegatingMethodHandle$Holder.reinvoke_L(java.lang.Object, java.lang.Object, java.lang.Object, long, java.lang.Object, java.lang.Object)'> (0x00000000a709f240) 
thrown [s\open\src\hotspot\share\interpreter\linkResolver.cpp, line 759]
Event: 2.815 Thread 0x000001e66e2b9cc0 Exception <a 'java/lang/NoSuchMethodError'{0x00000000a70addc0}: 'void java.lang.invoke.DelegatingMethodHandle$Holder.reinvoke_L(java.lang.Object, java.lang.Object, java.lang.Object, long, java.lang.Object)'> (0x00000000a70addc0) 
thrown [s\open\src\hotspot\share\interpreter\linkResolver.cpp, line 759]
Event: 2.817 Thread 0x000001e66e2b9cc0 Exception <a 'java/lang/NoSuchMethodError'{0x00000000a70b59f8}: 'java.lang.Object java.lang.invoke.DirectMethodHandle$Holder.invokeSpecial(java.lang.Object, java.lang.Object, java.lang.Object, java.lang.Object, long)'> (0x00000000a70b59f8) 
thrown [s\open\src\hotspot\share\interpreter\linkResolver.cpp, line 759]
Event: 2.820 Thread 0x000001e66e2b9cc0 Exception <a 'java/lang/NoSuchMethodError'{0x00000000a70ce0f8}: 'long java.lang.invoke.Invokers$Holder.invoke_MT(java.lang.Object, java.lang.Object, java.lang.Object, java.lang.Object)'> (0x00000000a70ce0f8) 
thrown [s\open\src\hotspot\share\interpreter\linkResolver.cpp, line 759]
Event: 2.821 Thread 0x000001e66e2b9cc0 Exception <a 'java/lang/NoSuchMethodError'{0x00000000a70d6638}: 'int java.lang.invoke.DirectMethodHandle$Holder.invokeSpecial(java.lang.Object, java.lang.Object, java.lang.Object, java.lang.Object)'> (0x00000000a70d6638) 
thrown [s\open\src\hotspot\share\interpreter\linkResolver.cpp, line 759]
Event: 2.822 Thread 0x000001e66e2b9cc0 Exception <a 'java/lang/NoSuchMethodError'{0x00000000a70d9ca0}: 'int java.lang.invoke.Invokers$Holder.invoke_MT(java.lang.Object, java.lang.Object, java.lang.Object, java.lang.Object)'> (0x00000000a70d9ca0) 
thrown [s\open\src\hotspot\share\interpreter\linkResolver.cpp, line 759]
Event: 2.824 Thread 0x000001e66e2b9cc0 Exception <a 'java/lang/NoSuchMethodError'{0x00000000a70e9808}: 'int java.lang.invoke.DelegatingMethodHandle$Holder.reinvoke_L(java.lang.Object, java.lang.Object, java.lang.Object, long, int)'> (0x00000000a70e9808) 
thrown [s\open\src\hotspot\share\interpreter\linkResolver.cpp, line 759]
Event: 3.469 Thread 0x000001e66e2b9cc0 Exception <a 'java/lang/NoSuchMethodError'{0x00000000a625ef50}: 'java.lang.Object java.lang.invoke.DirectMethodHandle$Holder.invokeStaticInit(java.lang.Object, int)'> (0x00000000a625ef50) 
thrown [s\open\src\hotspot\share\interpreter\linkResolver.cpp, line 759]
Event: 3.497 Thread 0x000001e66e2b9cc0 Exception <a 'java/lang/NoSuchMethodError'{0x00000000a62e8130}: 'void java.lang.invoke.DirectMethodHandle$Holder.invokeStatic(java.lang.Object, java.lang.Object)'> (0x00000000a62e8130) 
thrown [s\open\src\hotspot\share\interpreter\linkResolver.cpp, line 759]

VM Operations (20 events):
Event: 1.368 Executing VM operation: HandshakeAllThreads
Event: 1.368 Executing VM operation: HandshakeAllThreads done
Event: 1.368 Executing VM operation: Cleanup
Event: 1.368 Executing VM operation: Cleanup done
Event: 1.912 Executing VM operation: G1CollectForAllocation
Event: 1.935 Executing VM operation: G1CollectForAllocation done
Event: 2.135 Executing VM operation: HandshakeAllThreads
Event: 2.135 Executing VM operation: HandshakeAllThreads done
Event: 2.158 Executing VM operation: HandshakeAllThreads
Event: 2.158 Executing VM operation: HandshakeAllThreads done
Event: 2.511 Executing VM operation: ICBufferFull
Event: 2.511 Executing VM operation: ICBufferFull done
Event: 2.658 Executing VM operation: HandshakeAllThreads
Event: 2.658 Executing VM operation: HandshakeAllThreads done
Event: 2.896 Executing VM operation: HandshakeAllThreads
Event: 2.896 Executing VM operation: HandshakeAllThreads done
Event: 3.143 Executing VM operation: HandshakeAllThreads
Event: 3.143 Executing VM operation: HandshakeAllThreads done
Event: 3.461 Executing VM operation: HandshakeAllThreads
Event: 3.461 Executing VM operation: HandshakeAllThreads done

Events (19 events):
Event: 0.061 Loaded shared library C:\Program Files\Java\jdk-18.0.2.1\bin\java.dll
Event: 0.122 Loaded shared library C:\Program Files\Java\jdk-18.0.2.1\bin\jsvml.dll
Event: 0.123 Thread 0x000001e66e2b9cc0 Thread added: 0x000001e66e2b9cc0
Event: 0.142 Thread 0x000001e67c4cfa90 Thread added: 0x000001e67c4cfa90
Event: 0.142 Thread 0x000001e67c4d0600 Thread added: 0x000001e67c4d0600
Event: 0.257 Thread 0x000001e67c4eb0c0 Thread added: 0x000001e67c4eb0c0
Event: 0.257 Thread 0x000001e67c4eb970 Thread added: 0x000001e67c4eb970
Event: 0.257 Thread 0x000001e67c4ec220 Thread added: 0x000001e67c4ec220
Event: 0.257 Thread 0x000001e67c4ecad0 Thread added: 0x000001e67c4ecad0
Event: 0.258 Thread 0x000001e67c4ed6b0 Thread added: 0x000001e67c4ed6b0
Event: 0.258 Thread 0x000001e67c4effb0 Thread added: 0x000001e67c4effb0
Event: 0.258 Thread 0x000001e67c4f28b0 Thread added: 0x000001e67c4f28b0
Event: 0.366 Thread 0x000001e67c73f9b0 Thread added: 0x000001e67c73f9b0
Event: 0.379 Thread 0x000001e67c743510 Thread added: 0x000001e67c743510
Event: 0.401 Loaded shared library C:\Program Files\Java\jdk-18.0.2.1\bin\net.dll
Event: 0.412 Loaded shared library C:\Program Files\Java\jdk-18.0.2.1\bin\nio.dll
Event: 0.570 Loaded shared library C:\Program Files\Java\jdk-18.0.2.1\bin\zip.dll
Event: 1.319 Loaded shared library C:\Program Files\Java\jdk-18.0.2.1\bin\jimage.dll
Event: 3.119 Loaded shared library C:\Program Files\Java\jdk-18.0.2.1\bin\verify.dll


Dynamic libraries:
0x00007ff687d90000 - 0x00007ff687da0000 	C:\Program Files\Java\jdk-18.0.2.1\bin\java.exe
0x00007ff950270000 - 0x00007ff950487000 	C:\WINDOWS\SYSTEM32\ntdll.dll
0x00007ff94ef00000 - 0x00007ff94efc4000 	C:\WINDOWS\System32\KERNEL32.DLL
0x00007ff94dc20000 - 0x00007ff94dfc6000 	C:\WINDOWS\System32\KERNELBASE.dll
0x00007ff94d5f0000 - 0x00007ff94d701000 	C:\WINDOWS\System32\ucrtbase.dll
0x00007ff907900000 - 0x00007ff90791a000 	C:\Program Files\Java\jdk-18.0.2.1\bin\VCRUNTIME140.dll
0x00007ff9037d0000 - 0x00007ff9037e8000 	C:\Program Files\Java\jdk-18.0.2.1\bin\jli.dll
0x00007ff94f280000 - 0x00007ff94f330000 	C:\WINDOWS\System32\ADVAPI32.dll
0x00007ff94efd0000 - 0x00007ff94f077000 	C:\WINDOWS\System32\msvcrt.dll
0x00007ff94e5a0000 - 0x00007ff94e646000 	C:\WINDOWS\System32\sechost.dll
0x00007ff94fd90000 - 0x00007ff94fea7000 	C:\WINDOWS\System32\RPCRT4.dll
0x00007ff94e6d0000 - 0x00007ff94e87d000 	C:\WINDOWS\System32\USER32.dll
0x00007ff94c7e0000 - 0x00007ff94ca73000 	C:\WINDOWS\WinSxS\amd64_microsoft.windows.common-controls_6595b64144ccf1df_6.0.22621.2361_none_2712ced57382f843\COMCTL32.dll
0x00007ff94d8f0000 - 0x00007ff94d916000 	C:\WINDOWS\System32\win32u.dll
0x00007ff950100000 - 0x00007ff950129000 	C:\WINDOWS\System32\GDI32.dll
0x00007ff94db00000 - 0x00007ff94dc18000 	C:\WINDOWS\System32\gdi32full.dll
0x00007ff94d850000 - 0x00007ff94d8ea000 	C:\WINDOWS\System32\msvcp_win.dll
0x00007ff949c20000 - 0x00007ff949c2a000 	C:\WINDOWS\SYSTEM32\VERSION.dll
0x00007ff94f160000 - 0x00007ff94f191000 	C:\WINDOWS\System32\IMM32.DLL
0x00007ff92a550000 - 0x00007ff92a55c000 	C:\Program Files\Java\jdk-18.0.2.1\bin\vcruntime140_1.dll
0x00007ff8fce50000 - 0x00007ff8fcedd000 	C:\Program Files\Java\jdk-18.0.2.1\bin\msvcp140.dll
0x00007ff8fb2c0000 - 0x00007ff8fbed1000 	C:\Program Files\Java\jdk-18.0.2.1\bin\server\jvm.dll
0x00007ff94eef0000 - 0x00007ff94eef8000 	C:\WINDOWS\System32\PSAPI.DLL
0x00007ff944220000 - 0x00007ff944254000 	C:\WINDOWS\SYSTEM32\WINMM.dll
0x00007ff929a00000 - 0x00007ff929a09000 	C:\WINDOWS\SYSTEM32\WSOCK32.dll
0x00007ff94e650000 - 0x00007ff94e6c1000 	C:\WINDOWS\System32\WS2_32.dll
0x00007ff94b880000 - 0x00007ff94b898000 	C:\WINDOWS\SYSTEM32\kernel.appcore.dll
0x00007ff925330000 - 0x00007ff92533a000 	C:\Program Files\Java\jdk-18.0.2.1\bin\jimage.dll
0x00007ff94cf70000 - 0x00007ff94d19e000 	C:\WINDOWS\SYSTEM32\DBGHELP.DLL
0x00007ff94e210000 - 0x00007ff94e59a000 	C:\WINDOWS\System32\combase.dll
0x00007ff94f1a0000 - 0x00007ff94f277000 	C:\WINDOWS\System32\OLEAUT32.dll
0x00007ff94cde0000 - 0x00007ff94ce12000 	C:\WINDOWS\SYSTEM32\dbgcore.DLL
0x00007ff94d710000 - 0x00007ff94d78a000 	C:\WINDOWS\System32\bcryptPrimitives.dll
0x00007ff902570000 - 0x00007ff902595000 	C:\Program Files\Java\jdk-18.0.2.1\bin\java.dll
0x00007ff8fbfd0000 - 0x00007ff8fc0a6000 	C:\Program Files\Java\jdk-18.0.2.1\bin\jsvml.dll
0x00007ff94f330000 - 0x00007ff94fb88000 	C:\WINDOWS\System32\SHELL32.dll
0x00007ff94a660000 - 0x00007ff94af52000 	C:\WINDOWS\SYSTEM32\windows.storage.dll
0x00007ff94a520000 - 0x00007ff94a65e000 	C:\WINDOWS\SYSTEM32\wintypes.dll
0x00007ff950130000 - 0x00007ff950223000 	C:\WINDOWS\System32\SHCORE.dll
0x00007ff94fb90000 - 0x00007ff94fbee000 	C:\WINDOWS\System32\shlwapi.dll
0x00007ff94d520000 - 0x00007ff94d546000 	C:\WINDOWS\SYSTEM32\profapi.dll
0x00007ff9032e0000 - 0x00007ff9032f3000 	C:\Program Files\Java\jdk-18.0.2.1\bin\net.dll
0x00007ff946a80000 - 0x00007ff946bb7000 	C:\WINDOWS\SYSTEM32\WINHTTP.dll
0x00007ff94c420000 - 0x00007ff94c489000 	C:\WINDOWS\system32\mswsock.dll
0x00007ff902550000 - 0x00007ff902566000 	C:\Program Files\Java\jdk-18.0.2.1\bin\nio.dll
0x00007ff902530000 - 0x00007ff902548000 	C:\Program Files\Java\jdk-18.0.2.1\bin\zip.dll
0x00007ff92d8d0000 - 0x00007ff92d8e0000 	C:\Program Files\Java\jdk-18.0.2.1\bin\verify.dll

dbghelp: loaded successfully - version: 4.0.5 - missing functions: none
symbol engine: initialized successfully - sym options: 0x614 - pdb path: .;C:\Program Files\Java\jdk-18.0.2.1\bin;C:\WINDOWS\SYSTEM32;C:\WINDOWS\WinSxS\amd64_microsoft.windows.common-controls_6595b64144ccf1df_6.0.22621.2361_none_2712ced57382f843;C:\Program Files\Java\jdk-18.0.2.1\bin\server

VM Arguments:
java_command: org.jetbrains.kotlin.cli.jvm.K2JVMCompiler @D:\DATN\Coffee_Love\node_modules\react-native-gesture-handler\android\build\20231025_16105550059940633677.compiler.options
java_class_path (initial): C:\Users\huynh\.gradle\caches\modules-2\files-2.1\org.jetbrains.kotlin\kotlin-compiler-embeddable\1.6.21\97bdd5a752ce73b58ef16c17bc7f0ea2faff7a2e\kotlin-compiler-embeddable-1.6.21.jar;C:\Users\huynh\.gradle\caches\modules-2\files-2.1\org.jetbrains.kotlin\kotlin-reflect\1.6.21\5dc3574d9b7bebfcb4ec6b10ada4aaa9e140bd0b\kotlin-reflect-1.6.21.jar;C:\Users\huynh\.gradle\caches\modules-2\files-2.1\org.jetbrains.kotlin\kotlin-stdlib\1.6.21\11ef67f1900634fd951bad28c53ec957fabbe5b8\kotlin-stdlib-1.6.21.jar;C:\Users\huynh\.gradle\caches\modules-2\files-2.1\org.jetbrains.kotlin\kotlin-script-runtime\1.6.21\99c6675100da5d6d5b1c5a1032f27f28008d101b\kotlin-script-runtime-1.6.21.jar;C:\Users\huynh\.gradle\caches\modules-2\files-2.1\org.jetbrains.kotlin\kotlin-daemon-embeddable\1.6.21\46b78cf392e1c4f10854c3cadba44abb7b82250f\kotlin-daemon-embeddable-1.6.21.jar;C:\Users\huynh\.gradle\caches\modules-2\files-2.1\org.jetbrains.intellij.deps\trove4j\1.0.20200330\3afb14d5f9ceb459d724e907a21145e8ff394f02\trove4j-1.0.20200330.jar;C:\Users\huynh\.gradle\caches\modules-2\files-2.1\net.java.dev.jna\jna\5.6.0\330f2244e9030119ab3030fc3fededc86713d9cc\jna-5.6.0.jar;C:\Users\huynh\.gradle\caches\modules-2\files-2.1\org.jetbrains.kotlin\kotlin-stdlib-common\1.6.21\5e5b55c26dbc80372a920aef60eb774b714559b8\kotlin-stdlib-common-1.6.21.jar;C:\Users\huynh\.gradle\caches\modules-2\files-2.1\org.jetbrains\annotations\13.0\919f0dfe192fb4e063e7dacadee7f8bb9a2672a9\annotations-13.0.jar
Launcher Type: SUN_STANDARD

[Global flags]
     intx CICompilerCount                          = 4                                         {product} {ergonomic}
     uint ConcGCThreads                            = 3                                         {product} {ergonomic}
     uint G1ConcRefinementThreads                  = 10                                        {product} {ergonomic}
   size_t G1HeapRegionSize                         = 1048576                                   {product} {ergonomic}
    uintx GCDrainStackTargetSize                   = 64                                        {product} {ergonomic}
   size_t InitialHeapSize                          = 98566144                                  {product} {ergonomic}
   size_t MarkStackSize                            = 4194304                                   {product} {ergonomic}
   size_t MaxHeapSize                              = 1572864000                                {product} {ergonomic}
   size_t MaxNewSize                               = 943718400                                 {product} {ergonomic}
   size_t MinHeapDeltaBytes                        = 1048576                                   {product} {ergonomic}
   size_t MinHeapSize                              = 8388608                                   {product} {ergonomic}
    uintx NonNMethodCodeHeapSize                   = 5839372                                {pd product} {ergonomic}
    uintx NonProfiledCodeHeapSize                  = 122909434                              {pd product} {ergonomic}
    uintx ProfiledCodeHeapSize                     = 122909434                              {pd product} {ergonomic}
    uintx ReservedCodeCacheSize                    = 251658240                              {pd product} {ergonomic}
     bool SegmentedCodeCache                       = true                                      {product} {ergonomic}
   size_t SoftMaxHeapSize                          = 1572864000                             {manageable} {ergonomic}
     bool UseCompressedClassPointers               = true                           {product lp64_product} {ergonomic}
     bool UseCompressedOops                        = true                           {product lp64_product} {ergonomic}
     bool UseG1GC                                  = true                                      {product} {ergonomic}
     bool UseLargePagesIndividualAllocation        = false                                  {pd product} {ergonomic}

Logging:
Log output configuration:
 #0: stdout all=warning uptime,level,tags foldmultilines=false
 #1: stderr all=off uptime,level,tags foldmultilines=false

Environment Variables:
CLASSPATH=D:\DATN\Coffee_Love\android\\gradle\wrapper\gradle-wrapper.jar
PATH=C:\Users\huynh\AppData\Local\Temp\yarn--1698174324594-0.7742954575781082;D:\DATN\Coffee_Love\node_modules\.bin;C:\Users\huynh\AppData\Local\Yarn\Data\link\node_modules\.bin;C:\Users\huynh\AppData\Local\Yarn\bin;C:\Program Files\libexec\lib\node_modules\npm\bin\node-gyp-bin;C:\Program Files\lib\node_modules\npm\bin\node-gyp-bin;C:\Program Files\nodejs\node_modules\npm\bin\node-gyp-bin;C:\Program Files\Common Files\Oracle\Java\javapath;C:\Windows\system32;C:\Windows;C:\Windows\System32\Wbem;C:\Windows\System32\WindowsPowerShell\v1.0\;C:\Windows\System32\OpenSSH\;C:\Program Files (x86)\NVIDIA Corporation\PhysX\Common;C:\Program Files\NVIDIA Corporation\NVIDIA NvDLISR;C:\WINDOWS\system32;C:\WINDOWS;C:\WINDOWS\System32\Wbem;C:\WINDOWS\System32\WindowsPowerShell\v1.0\;C:\WINDOWS\System32\OpenSSH\;C:\MinGW\bin;C:\ProgramData\chocolatey\bin;C:\Program Files\nodejs\;C:\Program Files\Git\cmd;C:\Program Files\MongoDB\Server\6.0\bin;C:\Users\huynh\AppData\Local\Microsoft\WindowsApps;C:\Users\huynh\AppData\Local\Programs\Microsoft VS Code\bin;C:\Users\huynh\AppData\Roaming\npm;C:\Users\huynh\AppData\Local\Android\Sdk\platform-tools;C:\Users\huynh\AppData\Local\GitHubDesktop\bin
USERNAME=huynh
LANG=en_US.UTF-8
OS=Windows_NT
PROCESSOR_IDENTIFIER=AMD64 Family 25 Model 80 Stepping 0, AuthenticAMD



---------------  S Y S T E M  ---------------

OS:
 Windows 11 , 64 bit Build 22621 (10.0.22621.2428)
OS uptime: 1 days 0:24 hours

CPU: total 12 (initial active 12) (12 cores per cpu, 2 threads per core) family 25 model 80 stepping 0 microcode 0x0, cx8, cmov, fxsr, ht, mmx, 3dnowpref, sse, sse2, sse3, ssse3, sse4a, sse4.1, sse4.2, popcnt, lzcnt, tsc, tscinvbit, avx, avx2, aes, erms, clmul, bmi1, bmi2, adx, sha, fma, vzeroupper, clflush, clflushopt

Memory: 4k page, system-wide physical 5996M (13M free)
TotalPageFile size 24428M (AvailPageFile size 1M)
current process WorkingSet (physical memory assigned to process): 75M, peak: 75M
current process commit charge ("private bytes"): 203M, peak: 203M

vm_info: Java HotSpot(TM) 64-Bit Server VM (18.0.2.1+1-1) for windows-amd64 JRE (18.0.2.1+1-1), built on Aug 16 2022 01:46:33 by "mach5one" with MS VC++ 16.8 / 16.9 (VS2019)

END.
